2025-12-13T19:58:55.695-05:00  INFO 2508 --- [PixelXTY] [restartedMain] com.PixelXTY.PixelXtyApplication         : Starting PixelXtyApplication using Java 17.0.12 with PID 2508 (C:\Users\USUARIO\Desktop\ATI\PixelXTY\target\classes started by USUARIO in C:\Users\USUARIO\Desktop\ATI\PixelXTY)
2025-12-13T19:58:55.696-05:00  INFO 2508 --- [PixelXTY] [restartedMain] com.PixelXTY.PixelXtyApplication         : No active profile set, falling back to 1 default profile: "default"
2025-12-13T19:58:55.857-05:00  INFO 2508 --- [PixelXTY] [restartedMain] .s.d.r.c.RepositoryConfigurationDelegate : Bootstrapping Spring Data JPA repositories in DEFAULT mode.
2025-12-13T19:58:55.886-05:00  INFO 2508 --- [PixelXTY] [restartedMain] .s.d.r.c.RepositoryConfigurationDelegate : Finished Spring Data repository scanning in 27 ms. Found 3 JPA repository interfaces.
2025-12-13T19:58:55.965-05:00  INFO 2508 --- [PixelXTY] [restartedMain] o.s.b.w.embedded.tomcat.TomcatWebServer  : Tomcat initialized with port 8080 (http)
2025-12-13T19:58:55.967-05:00  INFO 2508 --- [PixelXTY] [restartedMain] o.apache.catalina.core.StandardService   : Starting service [Tomcat]
2025-12-13T19:58:55.968-05:00  INFO 2508 --- [PixelXTY] [restartedMain] o.apache.catalina.core.StandardEngine    : Starting Servlet engine: [Apache Tomcat/10.1.49]
2025-12-13T19:58:55.984-05:00  INFO 2508 --- [PixelXTY] [restartedMain] o.a.c.c.C.[Tomcat].[localhost].[/]       : Initializing Spring embedded WebApplicationContext
2025-12-13T19:58:55.985-05:00  INFO 2508 --- [PixelXTY] [restartedMain] w.s.c.ServletWebServerApplicationContext : Root WebApplicationContext: initialization completed in 288 ms
2025-12-13T19:58:56.025-05:00  INFO 2508 --- [PixelXTY] [restartedMain] o.s.o.j.p.SpringPersistenceUnitInfo      : No LoadTimeWeaver setup: ignoring JPA class transformer
2025-12-13T19:58:56.025-05:00  INFO 2508 --- [PixelXTY] [restartedMain] com.zaxxer.hikari.HikariDataSource       : HikariPool-3 - Starting...
2025-12-13T19:58:56.029-05:00  INFO 2508 --- [PixelXTY] [restartedMain] com.zaxxer.hikari.pool.HikariPool        : HikariPool-3 - Added connection com.mysql.cj.jdbc.ConnectionImpl@237bbdac
2025-12-13T19:58:56.029-05:00  INFO 2508 --- [PixelXTY] [restartedMain] com.zaxxer.hikari.HikariDataSource       : HikariPool-3 - Start completed.
2025-12-13T19:58:56.171-05:00  INFO 2508 --- [PixelXTY] [restartedMain] j.LocalContainerEntityManagerFactoryBean : Initialized JPA EntityManagerFactory for persistence unit 'default'
2025-12-13T19:58:56.380-05:00  WARN 2508 --- [PixelXTY] [restartedMain] .s.s.UserDetailsServiceAutoConfiguration : 

Using generated security password: 52118727-8de4-46d3-a2b8-ba25e5852118

This generated password is for development use only. Your security configuration must be updated before running your application in production.

2025-12-13T19:58:56.382-05:00  INFO 2508 --- [PixelXTY] [restartedMain] r$InitializeUserDetailsManagerConfigurer : Global AuthenticationManager configured with UserDetailsService bean with name inMemoryUserDetailsManager
2025-12-13T19:58:56.491-05:00  INFO 2508 --- [PixelXTY] [restartedMain] o.s.b.d.a.OptionalLiveReloadServer       : LiveReload server is running on port 35729
2025-12-13T19:58:56.505-05:00  WARN 2508 --- [PixelXTY] [restartedMain] ConfigServletWebServerApplicationContext : Exception encountered during context initialization - cancelling refresh attempt: org.springframework.context.ApplicationContextException: Failed to start bean 'webServerStartStop'
2025-12-13T19:58:56.507-05:00  INFO 2508 --- [PixelXTY] [restartedMain] j.LocalContainerEntityManagerFactoryBean : Closing JPA EntityManagerFactory for persistence unit 'default'
2025-12-13T19:58:56.508-05:00  INFO 2508 --- [PixelXTY] [restartedMain] com.zaxxer.hikari.HikariDataSource       : HikariPool-3 - Shutdown initiated...
2025-12-13T19:58:56.511-05:00  INFO 2508 --- [PixelXTY] [restartedMain] com.zaxxer.hikari.HikariDataSource       : HikariPool-3 - Shutdown completed.
2025-12-13T19:58:56.522-05:00  INFO 2508 --- [PixelXTY] [restartedMain] .s.b.a.l.ConditionEvaluationReportLogger : 

Error starting ApplicationContext. To display the condition evaluation report re-run your application with 'debug' enabled.
2025-12-13T19:58:56.624-05:00 ERROR 2508 --- [PixelXTY] [restartedMain] o.s.b.d.LoggingFailureAnalysisReporter   : 

***************************
APPLICATION FAILED TO START
***************************

Description:

Web server failed to start. Port 8080 was already in use.

Action:

Identify and stop the process that's listening on port 8080 or configure this application to listen on another port.

2025-12-13T19:59:02.221-05:00  INFO 2508 --- [PixelXTY] [restartedMain] com.PixelXTY.PixelXtyApplication         : Starting PixelXtyApplication using Java 17.0.12 with PID 2508 (C:\Users\USUARIO\Desktop\ATI\PixelXTY\target\classes started by USUARIO in C:\Users\USUARIO\Desktop\ATI\PixelXTY)
2025-12-13T19:59:02.221-05:00  INFO 2508 --- [PixelXTY] [restartedMain] com.PixelXTY.PixelXtyApplication         : No active profile set, falling back to 1 default profile: "default"
2025-12-13T19:59:02.424-05:00  INFO 2508 --- [PixelXTY] [restartedMain] .s.d.r.c.RepositoryConfigurationDelegate : Bootstrapping Spring Data JPA repositories in DEFAULT mode.
2025-12-13T19:59:02.456-05:00  INFO 2508 --- [PixelXTY] [restartedMain] .s.d.r.c.RepositoryConfigurationDelegate : Finished Spring Data repository scanning in 30 ms. Found 3 JPA repository interfaces.
2025-12-13T19:59:02.522-05:00  INFO 2508 --- [PixelXTY] [restartedMain] o.s.b.w.embedded.tomcat.TomcatWebServer  : Tomcat initialized with port 8081 (http)
2025-12-13T19:59:02.524-05:00  INFO 2508 --- [PixelXTY] [restartedMain] o.apache.catalina.core.StandardService   : Starting service [Tomcat]
2025-12-13T19:59:02.525-05:00  INFO 2508 --- [PixelXTY] [restartedMain] o.apache.catalina.core.StandardEngine    : Starting Servlet engine: [Apache Tomcat/10.1.49]
2025-12-13T19:59:02.588-05:00  INFO 2508 --- [PixelXTY] [restartedMain] o.a.c.c.C.[Tomcat-1].[localhost].[/]     : Initializing Spring embedded WebApplicationContext
2025-12-13T19:59:02.588-05:00  INFO 2508 --- [PixelXTY] [restartedMain] w.s.c.ServletWebServerApplicationContext : Root WebApplicationContext: initialization completed in 365 ms
2025-12-13T19:59:02.622-05:00  INFO 2508 --- [PixelXTY] [restartedMain] o.s.o.j.p.SpringPersistenceUnitInfo      : No LoadTimeWeaver setup: ignoring JPA class transformer
2025-12-13T19:59:02.622-05:00  INFO 2508 --- [PixelXTY] [restartedMain] com.zaxxer.hikari.HikariDataSource       : HikariPool-4 - Starting...
2025-12-13T19:59:02.626-05:00  INFO 2508 --- [PixelXTY] [restartedMain] com.zaxxer.hikari.pool.HikariPool        : HikariPool-4 - Added connection com.mysql.cj.jdbc.ConnectionImpl@1ef9bde9
2025-12-13T19:59:02.627-05:00  INFO 2508 --- [PixelXTY] [restartedMain] com.zaxxer.hikari.HikariDataSource       : HikariPool-4 - Start completed.
2025-12-13T19:59:02.742-05:00  INFO 2508 --- [PixelXTY] [restartedMain] j.LocalContainerEntityManagerFactoryBean : Initialized JPA EntityManagerFactory for persistence unit 'default'
2025-12-13T19:59:02.940-05:00  WARN 2508 --- [PixelXTY] [restartedMain] .s.s.UserDetailsServiceAutoConfiguration : 

Using generated security password: e4bed328-9028-42d4-a130-2742290a0a38

This generated password is for development use only. Your security configuration must be updated before running your application in production.

2025-12-13T19:59:02.942-05:00  INFO 2508 --- [PixelXTY] [restartedMain] r$InitializeUserDetailsManagerConfigurer : Global AuthenticationManager configured with UserDetailsService bean with name inMemoryUserDetailsManager
2025-12-13T19:59:03.007-05:00  INFO 2508 --- [PixelXTY] [restartedMain] o.s.b.d.a.OptionalLiveReloadServer       : LiveReload server is running on port 35729
2025-12-13T19:59:03.015-05:00  INFO 2508 --- [PixelXTY] [restartedMain] o.s.b.w.embedded.tomcat.TomcatWebServer  : Tomcat started on port 8081 (http) with context path '/'
2025-12-13T19:59:03.021-05:00  INFO 2508 --- [PixelXTY] [restartedMain] com.PixelXTY.PixelXtyApplication         : Started PixelXtyApplication in 0.829 seconds (process running for 3644.022)
2025-12-13T19:59:03.027-05:00  INFO 2508 --- [PixelXTY] [restartedMain] .ConditionEvaluationDeltaLoggingListener : Condition evaluation delta:


==========================
CONDITION EVALUATION DELTA
==========================


Positive matches:
-----------------

   SecurityAutoConfiguration matched:
      - @ConditionalOnClass found required class 'org.springframework.security.authentication.DefaultAuthenticationEventPublisher' (OnClassCondition)

   SecurityAutoConfiguration#authenticationEventPublisher matched:
      - @ConditionalOnMissingBean (types: org.springframework.security.authentication.AuthenticationEventPublisher; SearchStrategy: all) did not find any beans (OnBeanCondition)

   SpringBootWebSecurityConfiguration matched:
      - found 'session' scope (OnWebApplicationCondition)


Negative matches:
-----------------

   JpaBaseConfiguration.JpaWebConfiguration:
      Did not match:
         - @ConditionalOnBooleanProperty (spring.jpa.open-in-view=true) found different value in property 'spring.jpa.open-in-view' (OnPropertyCondition)
      Matched:
         - @ConditionalOnClass found required class 'org.springframework.web.servlet.config.annotation.WebMvcConfigurer' (OnClassCondition)
         - found 'session' scope (OnWebApplicationCondition)

   SecurityDataConfiguration:
      Did not match:
         - @ConditionalOnClass did not find required class 'org.springframework.security.data.repository.query.SecurityEvaluationContextExtension' (OnClassCondition)

   SpringBootWebSecurityConfiguration.SecurityFilterChainConfiguration:
      Did not match:
         - AllNestedConditions 1 matched 1 did not; NestedCondition on DefaultWebSecurityCondition.Beans @ConditionalOnMissingBean (types: org.springframework.security.web.SecurityFilterChain; SearchStrategy: all) found beans of type 'org.springframework.security.web.SecurityFilterChain' securityFilterChain; NestedCondition on DefaultWebSecurityCondition.Classes @ConditionalOnClass found required classes 'org.springframework.security.web.SecurityFilterChain', 'org.springframework.security.config.annotation.web.builders.HttpSecurity' (DefaultWebSecurityCondition)

   SpringBootWebSecurityConfiguration.WebSecurityEnablerConfiguration:
      Did not match:
         - @ConditionalOnMissingBean (names: springSecurityFilterChain; SearchStrategy: all) found beans named springSecurityFilterChain (OnBeanCondition)
      Matched:
         - @ConditionalOnClass found required class 'org.springframework.security.config.annotation.web.configuration.EnableWebSecurity' (OnClassCondition)


Exclusions:
-----------

    None


Unconditional classes:
----------------------

    None



2025-12-13T19:59:21.657-05:00  INFO 2508 --- [PixelXTY] [http-nio-8081-exec-1] o.a.c.c.C.[Tomcat-1].[localhost].[/]     : Initializing Spring DispatcherServlet 'dispatcherServlet'
2025-12-13T20:00:15.434-05:00  INFO 2508 --- [PixelXTY] [File Watcher] rtingClassPathChangeChangedEventListener : Restarting due to 1 class path change (1 addition, 0 deletions, 0 modifications)
2025-12-13T20:00:15.436-05:00  INFO 2508 --- [PixelXTY] [Thread-11] o.s.b.w.e.tomcat.GracefulShutdown        : Commencing graceful shutdown. Waiting for active requests to complete
2025-12-13T20:00:15.625-05:00  INFO 2508 --- [PixelXTY] [tomcat-shutdown] o.s.b.w.e.tomcat.GracefulShutdown        : Graceful shutdown complete
2025-12-13T20:00:15.627-05:00  INFO 2508 --- [PixelXTY] [Thread-11] j.LocalContainerEntityManagerFactoryBean : Closing JPA EntityManagerFactory for persistence unit 'default'
2025-12-13T20:00:15.628-05:00  INFO 2508 --- [PixelXTY] [Thread-11] com.zaxxer.hikari.HikariDataSource       : HikariPool-4 - Shutdown initiated...
2025-12-13T20:00:15.628-05:00  INFO 2508 --- [PixelXTY] [Thread-11] com.zaxxer.hikari.HikariDataSource       : HikariPool-4 - Shutdown completed.
2025-12-13T20:00:15.695-05:00  INFO 2508 --- [PixelXTY] [restartedMain] com.PixelXTY.PixelXtyApplication         : Starting PixelXtyApplication using Java 17.0.12 with PID 2508 (C:\Users\USUARIO\Desktop\ATI\PixelXTY\target\classes started by USUARIO in C:\Users\USUARIO\Desktop\ATI\PixelXTY)
2025-12-13T20:00:15.696-05:00  INFO 2508 --- [PixelXTY] [restartedMain] com.PixelXTY.PixelXtyApplication         : No active profile set, falling back to 1 default profile: "default"
2025-12-13T20:00:15.879-05:00  INFO 2508 --- [PixelXTY] [restartedMain] .s.d.r.c.RepositoryConfigurationDelegate : Bootstrapping Spring Data JPA repositories in DEFAULT mode.
2025-12-13T20:00:15.914-05:00  INFO 2508 --- [PixelXTY] [restartedMain] .s.d.r.c.RepositoryConfigurationDelegate : Finished Spring Data repository scanning in 34 ms. Found 3 JPA repository interfaces.
2025-12-13T20:00:15.974-05:00  INFO 2508 --- [PixelXTY] [restartedMain] o.s.b.w.embedded.tomcat.TomcatWebServer  : Tomcat initialized with port 8081 (http)
2025-12-13T20:00:15.975-05:00  INFO 2508 --- [PixelXTY] [restartedMain] o.apache.catalina.core.StandardService   : Starting service [Tomcat]
2025-12-13T20:00:15.976-05:00  INFO 2508 --- [PixelXTY] [restartedMain] o.apache.catalina.core.StandardEngine    : Starting Servlet engine: [Apache Tomcat/10.1.49]
2025-12-13T20:00:15.988-05:00  INFO 2508 --- [PixelXTY] [restartedMain] o.a.c.c.C.[Tomcat-1].[localhost].[/]     : Initializing Spring embedded WebApplicationContext
2025-12-13T20:00:15.989-05:00  INFO 2508 --- [PixelXTY] [restartedMain] w.s.c.ServletWebServerApplicationContext : Root WebApplicationContext: initialization completed in 291 ms
2025-12-13T20:00:16.018-05:00  INFO 2508 --- [PixelXTY] [restartedMain] o.s.o.j.p.SpringPersistenceUnitInfo      : No LoadTimeWeaver setup: ignoring JPA class transformer
2025-12-13T20:00:16.019-05:00  INFO 2508 --- [PixelXTY] [restartedMain] com.zaxxer.hikari.HikariDataSource       : HikariPool-5 - Starting...
2025-12-13T20:00:16.022-05:00  INFO 2508 --- [PixelXTY] [restartedMain] com.zaxxer.hikari.pool.HikariPool        : HikariPool-5 - Added connection com.mysql.cj.jdbc.ConnectionImpl@1459d67e
2025-12-13T20:00:16.022-05:00  INFO 2508 --- [PixelXTY] [restartedMain] com.zaxxer.hikari.HikariDataSource       : HikariPool-5 - Start completed.
2025-12-13T20:00:16.153-05:00  INFO 2508 --- [PixelXTY] [restartedMain] j.LocalContainerEntityManagerFactoryBean : Initialized JPA EntityManagerFactory for persistence unit 'default'
2025-12-13T20:00:16.328-05:00  WARN 2508 --- [PixelXTY] [restartedMain] .s.s.UserDetailsServiceAutoConfiguration : 

Using generated security password: 5f869ea0-e3b8-473d-9461-155a59a75d2d

This generated password is for development use only. Your security configuration must be updated before running your application in production.

2025-12-13T20:00:16.329-05:00  INFO 2508 --- [PixelXTY] [restartedMain] r$InitializeUserDetailsManagerConfigurer : Global AuthenticationManager configured with UserDetailsService bean with name inMemoryUserDetailsManager
2025-12-13T20:00:16.371-05:00  INFO 2508 --- [PixelXTY] [restartedMain] o.s.b.d.a.OptionalLiveReloadServer       : LiveReload server is running on port 35729
2025-12-13T20:00:16.380-05:00  INFO 2508 --- [PixelXTY] [restartedMain] o.s.b.w.embedded.tomcat.TomcatWebServer  : Tomcat started on port 8081 (http) with context path '/'
2025-12-13T20:00:16.382-05:00  INFO 2508 --- [PixelXTY] [restartedMain] com.PixelXTY.PixelXtyApplication         : Started PixelXtyApplication in 0.706 seconds (process running for 3717.383)
2025-12-13T20:00:16.383-05:00  INFO 2508 --- [PixelXTY] [restartedMain] .ConditionEvaluationDeltaLoggingListener : Condition evaluation unchanged
2025-12-13T20:00:22.921-05:00  INFO 2508 --- [PixelXTY] [File Watcher] rtingClassPathChangeChangedEventListener : Restarting due to 1 class path change (0 additions, 0 deletions, 1 modification)
2025-12-13T20:00:22.924-05:00  INFO 2508 --- [PixelXTY] [Thread-19] o.s.b.w.e.tomcat.GracefulShutdown        : Commencing graceful shutdown. Waiting for active requests to complete
2025-12-13T20:00:23.092-05:00  INFO 2508 --- [PixelXTY] [tomcat-shutdown] o.s.b.w.e.tomcat.GracefulShutdown        : Graceful shutdown complete
2025-12-13T20:00:23.094-05:00  INFO 2508 --- [PixelXTY] [Thread-19] j.LocalContainerEntityManagerFactoryBean : Closing JPA EntityManagerFactory for persistence unit 'default'
2025-12-13T20:00:23.095-05:00  INFO 2508 --- [PixelXTY] [Thread-19] com.zaxxer.hikari.HikariDataSource       : HikariPool-5 - Shutdown initiated...
2025-12-13T20:00:23.097-05:00  INFO 2508 --- [PixelXTY] [Thread-19] com.zaxxer.hikari.HikariDataSource       : HikariPool-5 - Shutdown completed.
2025-12-13T20:00:23.154-05:00  INFO 2508 --- [PixelXTY] [restartedMain] com.PixelXTY.PixelXtyApplication         : Starting PixelXtyApplication using Java 17.0.12 with PID 2508 (C:\Users\USUARIO\Desktop\ATI\PixelXTY\target\classes started by USUARIO in C:\Users\USUARIO\Desktop\ATI\PixelXTY)
2025-12-13T20:00:23.154-05:00  INFO 2508 --- [PixelXTY] [restartedMain] com.PixelXTY.PixelXtyApplication         : No active profile set, falling back to 1 default profile: "default"
2025-12-13T20:00:23.290-05:00  INFO 2508 --- [PixelXTY] [restartedMain] .s.d.r.c.RepositoryConfigurationDelegate : Bootstrapping Spring Data JPA repositories in DEFAULT mode.
2025-12-13T20:00:23.310-05:00  INFO 2508 --- [PixelXTY] [restartedMain] .s.d.r.c.RepositoryConfigurationDelegate : Finished Spring Data repository scanning in 18 ms. Found 3 JPA repository interfaces.
2025-12-13T20:00:23.378-05:00  INFO 2508 --- [PixelXTY] [restartedMain] o.s.b.w.embedded.tomcat.TomcatWebServer  : Tomcat initialized with port 8081 (http)
2025-12-13T20:00:23.380-05:00  INFO 2508 --- [PixelXTY] [restartedMain] o.apache.catalina.core.StandardService   : Starting service [Tomcat]
2025-12-13T20:00:23.381-05:00  INFO 2508 --- [PixelXTY] [restartedMain] o.apache.catalina.core.StandardEngine    : Starting Servlet engine: [Apache Tomcat/10.1.49]
2025-12-13T20:00:23.394-05:00  INFO 2508 --- [PixelXTY] [restartedMain] o.a.c.c.C.[Tomcat-1].[localhost].[/]     : Initializing Spring embedded WebApplicationContext
2025-12-13T20:00:23.394-05:00  INFO 2508 --- [PixelXTY] [restartedMain] w.s.c.ServletWebServerApplicationContext : Root WebApplicationContext: initialization completed in 239 ms
2025-12-13T20:00:23.426-05:00  INFO 2508 --- [PixelXTY] [restartedMain] o.s.o.j.p.SpringPersistenceUnitInfo      : No LoadTimeWeaver setup: ignoring JPA class transformer
2025-12-13T20:00:23.426-05:00  INFO 2508 --- [PixelXTY] [restartedMain] com.zaxxer.hikari.HikariDataSource       : HikariPool-6 - Starting...
2025-12-13T20:00:23.431-05:00  INFO 2508 --- [PixelXTY] [restartedMain] com.zaxxer.hikari.pool.HikariPool        : HikariPool-6 - Added connection com.mysql.cj.jdbc.ConnectionImpl@196b7571
2025-12-13T20:00:23.431-05:00  INFO 2508 --- [PixelXTY] [restartedMain] com.zaxxer.hikari.HikariDataSource       : HikariPool-6 - Start completed.
2025-12-13T20:00:23.563-05:00  INFO 2508 --- [PixelXTY] [restartedMain] j.LocalContainerEntityManagerFactoryBean : Initialized JPA EntityManagerFactory for persistence unit 'default'
2025-12-13T20:00:23.774-05:00  WARN 2508 --- [PixelXTY] [restartedMain] .s.s.UserDetailsServiceAutoConfiguration : 

Using generated security password: d2428e1e-694e-4589-ac1a-2197700b3d5b

This generated password is for development use only. Your security configuration must be updated before running your application in production.

2025-12-13T20:00:23.775-05:00  INFO 2508 --- [PixelXTY] [restartedMain] r$InitializeUserDetailsManagerConfigurer : Global AuthenticationManager configured with UserDetailsService bean with name inMemoryUserDetailsManager
2025-12-13T20:00:23.816-05:00  INFO 2508 --- [PixelXTY] [restartedMain] o.s.b.d.a.OptionalLiveReloadServer       : LiveReload server is running on port 35729
2025-12-13T20:00:23.823-05:00  INFO 2508 --- [PixelXTY] [restartedMain] o.s.b.w.embedded.tomcat.TomcatWebServer  : Tomcat started on port 8081 (http) with context path '/'
2025-12-13T20:00:23.825-05:00  INFO 2508 --- [PixelXTY] [restartedMain] com.PixelXTY.PixelXtyApplication         : Started PixelXtyApplication in 0.687 seconds (process running for 3724.826)
2025-12-13T20:00:23.825-05:00  INFO 2508 --- [PixelXTY] [restartedMain] .ConditionEvaluationDeltaLoggingListener : Condition evaluation unchanged
2025-12-13T20:01:22.421-05:00  INFO 2508 --- [PixelXTY] [http-nio-8081-exec-1] o.a.c.c.C.[Tomcat-1].[localhost].[/]     : Initializing Spring DispatcherServlet 'dispatcherServlet'
2025-12-13T20:04:34.665-05:00  INFO 2508 --- [PixelXTY] [File Watcher] rtingClassPathChangeChangedEventListener : Restarting due to 1 class path change (0 additions, 0 deletions, 1 modification)
2025-12-13T20:04:34.668-05:00  INFO 2508 --- [PixelXTY] [Thread-23] o.s.b.w.e.tomcat.GracefulShutdown        : Commencing graceful shutdown. Waiting for active requests to complete
2025-12-13T20:04:34.817-05:00  INFO 2508 --- [PixelXTY] [tomcat-shutdown] o.s.b.w.e.tomcat.GracefulShutdown        : Graceful shutdown complete
2025-12-13T20:04:34.819-05:00  INFO 2508 --- [PixelXTY] [Thread-23] j.LocalContainerEntityManagerFactoryBean : Closing JPA EntityManagerFactory for persistence unit 'default'
2025-12-13T20:04:34.820-05:00  INFO 2508 --- [PixelXTY] [Thread-23] com.zaxxer.hikari.HikariDataSource       : HikariPool-6 - Shutdown initiated...
2025-12-13T20:04:34.821-05:00  INFO 2508 --- [PixelXTY] [Thread-23] com.zaxxer.hikari.HikariDataSource       : HikariPool-6 - Shutdown completed.
2025-12-13T20:04:34.886-05:00  INFO 2508 --- [PixelXTY] [restartedMain] com.PixelXTY.PixelXtyApplication         : Starting PixelXtyApplication using Java 17.0.12 with PID 2508 (C:\Users\USUARIO\Desktop\ATI\PixelXTY\target\classes started by USUARIO in C:\Users\USUARIO\Desktop\ATI\PixelXTY)
2025-12-13T20:04:34.887-05:00  INFO 2508 --- [PixelXTY] [restartedMain] com.PixelXTY.PixelXtyApplication         : No active profile set, falling back to 1 default profile: "default"
2025-12-13T20:04:35.000-05:00  INFO 2508 --- [PixelXTY] [restartedMain] .s.d.r.c.RepositoryConfigurationDelegate : Bootstrapping Spring Data JPA repositories in DEFAULT mode.
2025-12-13T20:04:35.023-05:00  INFO 2508 --- [PixelXTY] [restartedMain] .s.d.r.c.RepositoryConfigurationDelegate : Finished Spring Data repository scanning in 21 ms. Found 3 JPA repository interfaces.
2025-12-13T20:04:35.081-05:00  INFO 2508 --- [PixelXTY] [restartedMain] o.s.b.w.embedded.tomcat.TomcatWebServer  : Tomcat initialized with port 8081 (http)
2025-12-13T20:04:35.082-05:00  INFO 2508 --- [PixelXTY] [restartedMain] o.apache.catalina.core.StandardService   : Starting service [Tomcat]
2025-12-13T20:04:35.083-05:00  INFO 2508 --- [PixelXTY] [restartedMain] o.apache.catalina.core.StandardEngine    : Starting Servlet engine: [Apache Tomcat/10.1.49]
2025-12-13T20:04:35.094-05:00  INFO 2508 --- [PixelXTY] [restartedMain] o.a.c.c.C.[Tomcat-1].[localhost].[/]     : Initializing Spring embedded WebApplicationContext
2025-12-13T20:04:35.095-05:00  INFO 2508 --- [PixelXTY] [restartedMain] w.s.c.ServletWebServerApplicationContext : Root WebApplicationContext: initialization completed in 207 ms
2025-12-13T20:04:35.122-05:00  INFO 2508 --- [PixelXTY] [restartedMain] o.s.o.j.p.SpringPersistenceUnitInfo      : No LoadTimeWeaver setup: ignoring JPA class transformer
2025-12-13T20:04:35.123-05:00  INFO 2508 --- [PixelXTY] [restartedMain] com.zaxxer.hikari.HikariDataSource       : HikariPool-7 - Starting...
2025-12-13T20:04:35.127-05:00  INFO 2508 --- [PixelXTY] [restartedMain] com.zaxxer.hikari.pool.HikariPool        : HikariPool-7 - Added connection com.mysql.cj.jdbc.ConnectionImpl@42686733
2025-12-13T20:04:35.127-05:00  INFO 2508 --- [PixelXTY] [restartedMain] com.zaxxer.hikari.HikariDataSource       : HikariPool-7 - Start completed.
2025-12-13T20:04:35.277-05:00  INFO 2508 --- [PixelXTY] [restartedMain] j.LocalContainerEntityManagerFactoryBean : Initialized JPA EntityManagerFactory for persistence unit 'default'
2025-12-13T20:04:35.456-05:00  WARN 2508 --- [PixelXTY] [restartedMain] .s.s.UserDetailsServiceAutoConfiguration : 

Using generated security password: 26d3516e-b04f-4e6b-8feb-79abb528da0c

This generated password is for development use only. Your security configuration must be updated before running your application in production.

2025-12-13T20:04:35.457-05:00  INFO 2508 --- [PixelXTY] [restartedMain] r$InitializeUserDetailsManagerConfigurer : Global AuthenticationManager configured with UserDetailsService bean with name inMemoryUserDetailsManager
2025-12-13T20:04:35.493-05:00  INFO 2508 --- [PixelXTY] [restartedMain] o.s.b.d.a.OptionalLiveReloadServer       : LiveReload server is running on port 35729
2025-12-13T20:04:35.500-05:00  INFO 2508 --- [PixelXTY] [restartedMain] o.s.b.w.embedded.tomcat.TomcatWebServer  : Tomcat started on port 8081 (http) with context path '/'
2025-12-13T20:04:35.502-05:00  INFO 2508 --- [PixelXTY] [restartedMain] com.PixelXTY.PixelXtyApplication         : Started PixelXtyApplication in 0.63 seconds (process running for 3976.503)
2025-12-13T20:04:35.503-05:00  INFO 2508 --- [PixelXTY] [restartedMain] .ConditionEvaluationDeltaLoggingListener : Condition evaluation unchanged
2025-12-13T20:04:53.322-05:00  INFO 2508 --- [PixelXTY] [File Watcher] rtingClassPathChangeChangedEventListener : Restarting due to 1 class path change (0 additions, 0 deletions, 1 modification)
2025-12-13T20:04:53.324-05:00  INFO 2508 --- [PixelXTY] [Thread-27] o.s.b.w.e.tomcat.GracefulShutdown        : Commencing graceful shutdown. Waiting for active requests to complete
2025-12-13T20:04:53.557-05:00  INFO 2508 --- [PixelXTY] [tomcat-shutdown] o.s.b.w.e.tomcat.GracefulShutdown        : Graceful shutdown complete
2025-12-13T20:04:53.560-05:00  INFO 2508 --- [PixelXTY] [Thread-27] j.LocalContainerEntityManagerFactoryBean : Closing JPA EntityManagerFactory for persistence unit 'default'
2025-12-13T20:04:53.561-05:00  INFO 2508 --- [PixelXTY] [Thread-27] com.zaxxer.hikari.HikariDataSource       : HikariPool-7 - Shutdown initiated...
2025-12-13T20:04:53.566-05:00  INFO 2508 --- [PixelXTY] [Thread-27] com.zaxxer.hikari.HikariDataSource       : HikariPool-7 - Shutdown completed.
2025-12-13T20:04:53.788-05:00  INFO 2508 --- [PixelXTY] [restartedMain] com.PixelXTY.PixelXtyApplication         : Starting PixelXtyApplication using Java 17.0.12 with PID 2508 (C:\Users\USUARIO\Desktop\ATI\PixelXTY\target\classes started by USUARIO in C:\Users\USUARIO\Desktop\ATI\PixelXTY)
2025-12-13T20:04:53.789-05:00  INFO 2508 --- [PixelXTY] [restartedMain] com.PixelXTY.PixelXtyApplication         : No active profile set, falling back to 1 default profile: "default"
2025-12-13T20:04:54.292-05:00  INFO 2508 --- [PixelXTY] [restartedMain] .s.d.r.c.RepositoryConfigurationDelegate : Bootstrapping Spring Data JPA repositories in DEFAULT mode.
2025-12-13T20:04:54.351-05:00  INFO 2508 --- [PixelXTY] [restartedMain] .s.d.r.c.RepositoryConfigurationDelegate : Finished Spring Data repository scanning in 54 ms. Found 3 JPA repository interfaces.
2025-12-13T20:04:54.576-05:00  INFO 2508 --- [PixelXTY] [restartedMain] o.s.b.w.embedded.tomcat.TomcatWebServer  : Tomcat initialized with port 8081 (http)
2025-12-13T20:04:54.581-05:00  INFO 2508 --- [PixelXTY] [restartedMain] o.apache.catalina.core.StandardService   : Starting service [Tomcat]
2025-12-13T20:04:54.586-05:00  INFO 2508 --- [PixelXTY] [restartedMain] o.apache.catalina.core.StandardEngine    : Starting Servlet engine: [Apache Tomcat/10.1.49]
2025-12-13T20:04:54.651-05:00  INFO 2508 --- [PixelXTY] [restartedMain] o.a.c.c.C.[Tomcat-1].[localhost].[/]     : Initializing Spring embedded WebApplicationContext
2025-12-13T20:04:54.652-05:00  INFO 2508 --- [PixelXTY] [restartedMain] w.s.c.ServletWebServerApplicationContext : Root WebApplicationContext: initialization completed in 854 ms
2025-12-13T20:04:54.851-05:00  INFO 2508 --- [PixelXTY] [restartedMain] o.s.o.j.p.SpringPersistenceUnitInfo      : No LoadTimeWeaver setup: ignoring JPA class transformer
2025-12-13T20:04:54.853-05:00  INFO 2508 --- [PixelXTY] [restartedMain] com.zaxxer.hikari.HikariDataSource       : HikariPool-8 - Starting...
2025-12-13T20:04:54.860-05:00  INFO 2508 --- [PixelXTY] [restartedMain] com.zaxxer.hikari.pool.HikariPool        : HikariPool-8 - Added connection com.mysql.cj.jdbc.ConnectionImpl@2b96c0ff
2025-12-13T20:04:54.861-05:00  INFO 2508 --- [PixelXTY] [restartedMain] com.zaxxer.hikari.HikariDataSource       : HikariPool-8 - Start completed.
2025-12-13T20:04:55.319-05:00  INFO 2508 --- [PixelXTY] [restartedMain] j.LocalContainerEntityManagerFactoryBean : Initialized JPA EntityManagerFactory for persistence unit 'default'
2025-12-13T20:04:55.932-05:00  WARN 2508 --- [PixelXTY] [restartedMain] .s.s.UserDetailsServiceAutoConfiguration : 

Using generated security password: cb180335-fb1c-426c-8622-45443b1e8d5a

This generated password is for development use only. Your security configuration must be updated before running your application in production.

2025-12-13T20:04:55.937-05:00  INFO 2508 --- [PixelXTY] [restartedMain] r$InitializeUserDetailsManagerConfigurer : Global AuthenticationManager configured with UserDetailsService bean with name inMemoryUserDetailsManager
2025-12-13T20:04:56.116-05:00  INFO 2508 --- [PixelXTY] [restartedMain] o.s.b.d.a.OptionalLiveReloadServer       : LiveReload server is running on port 35729
2025-12-13T20:04:56.174-05:00  INFO 2508 --- [PixelXTY] [restartedMain] o.s.b.w.embedded.tomcat.TomcatWebServer  : Tomcat started on port 8081 (http) with context path '/'
2025-12-13T20:04:56.185-05:00  INFO 2508 --- [PixelXTY] [restartedMain] com.PixelXTY.PixelXtyApplication         : Started PixelXtyApplication in 2.47 seconds (process running for 3997.186)
2025-12-13T20:04:56.189-05:00  INFO 2508 --- [PixelXTY] [restartedMain] .ConditionEvaluationDeltaLoggingListener : Condition evaluation unchanged
2025-12-13T20:04:56.198-05:00  INFO 2508 --- [PixelXTY] [http-nio-8081-exec-1] o.a.c.c.C.[Tomcat-1].[localhost].[/]     : Initializing Spring DispatcherServlet 'dispatcherServlet'
2025-12-13T20:08:25.155-05:00  INFO 2508 --- [PixelXTY] [File Watcher] rtingClassPathChangeChangedEventListener : Restarting due to 39 class path changes (0 additions, 2 deletions, 37 modifications)
2025-12-13T20:08:25.167-05:00  INFO 2508 --- [PixelXTY] [Thread-31] o.s.b.w.e.tomcat.GracefulShutdown        : Commencing graceful shutdown. Waiting for active requests to complete
2025-12-13T20:08:25.375-05:00  INFO 2508 --- [PixelXTY] [tomcat-shutdown] o.s.b.w.e.tomcat.GracefulShutdown        : Graceful shutdown complete
2025-12-13T20:08:25.382-05:00  INFO 2508 --- [PixelXTY] [Thread-31] j.LocalContainerEntityManagerFactoryBean : Closing JPA EntityManagerFactory for persistence unit 'default'
2025-12-13T20:08:25.385-05:00  INFO 2508 --- [PixelXTY] [Thread-31] com.zaxxer.hikari.HikariDataSource       : HikariPool-8 - Shutdown initiated...
2025-12-13T20:08:25.388-05:00  INFO 2508 --- [PixelXTY] [Thread-31] com.zaxxer.hikari.HikariDataSource       : HikariPool-8 - Shutdown completed.
2025-12-13T20:08:44.352-05:00  INFO 2508 --- [PixelXTY] [restartedMain] com.PixelXTY.PixelXtyApplication         : Starting PixelXtyApplication using Java 17.0.12 with PID 2508 (C:\Users\USUARIO\Desktop\ATI\PixelXTY\target\classes started by USUARIO in C:\Users\USUARIO\Desktop\ATI\PixelXTY)
2025-12-13T20:08:44.353-05:00  INFO 2508 --- [PixelXTY] [restartedMain] com.PixelXTY.PixelXtyApplication         : No active profile set, falling back to 1 default profile: "default"
2025-12-13T20:08:44.608-05:00  INFO 2508 --- [PixelXTY] [restartedMain] .s.d.r.c.RepositoryConfigurationDelegate : Bootstrapping Spring Data JPA repositories in DEFAULT mode.
2025-12-13T20:08:44.633-05:00  INFO 2508 --- [PixelXTY] [restartedMain] .s.d.r.c.RepositoryConfigurationDelegate : Finished Spring Data repository scanning in 23 ms. Found 3 JPA repository interfaces.
2025-12-13T20:08:44.755-05:00  INFO 2508 --- [PixelXTY] [restartedMain] o.s.b.w.embedded.tomcat.TomcatWebServer  : Tomcat initialized with port 8081 (http)
2025-12-13T20:08:44.757-05:00  INFO 2508 --- [PixelXTY] [restartedMain] o.apache.catalina.core.StandardService   : Starting service [Tomcat]
2025-12-13T20:08:44.758-05:00  INFO 2508 --- [PixelXTY] [restartedMain] o.apache.catalina.core.StandardEngine    : Starting Servlet engine: [Apache Tomcat/10.1.49]
2025-12-13T20:08:44.777-05:00  INFO 2508 --- [PixelXTY] [restartedMain] o.a.c.c.C.[Tomcat-1].[localhost].[/]     : Initializing Spring embedded WebApplicationContext
2025-12-13T20:08:44.778-05:00  INFO 2508 --- [PixelXTY] [restartedMain] w.s.c.ServletWebServerApplicationContext : Root WebApplicationContext: initialization completed in 422 ms
2025-12-13T20:08:44.849-05:00  INFO 2508 --- [PixelXTY] [restartedMain] o.s.o.j.p.SpringPersistenceUnitInfo      : No LoadTimeWeaver setup: ignoring JPA class transformer
2025-12-13T20:08:44.851-05:00  INFO 2508 --- [PixelXTY] [restartedMain] com.zaxxer.hikari.HikariDataSource       : HikariPool-9 - Starting...
2025-12-13T20:08:44.860-05:00  INFO 2508 --- [PixelXTY] [restartedMain] com.zaxxer.hikari.pool.HikariPool        : HikariPool-9 - Added connection com.mysql.cj.jdbc.ConnectionImpl@6f86388b
2025-12-13T20:08:44.860-05:00  INFO 2508 --- [PixelXTY] [restartedMain] com.zaxxer.hikari.HikariDataSource       : HikariPool-9 - Start completed.
2025-12-13T20:08:45.055-05:00  INFO 2508 --- [PixelXTY] [restartedMain] j.LocalContainerEntityManagerFactoryBean : Initialized JPA EntityManagerFactory for persistence unit 'default'
2025-12-13T20:08:45.324-05:00  WARN 2508 --- [PixelXTY] [restartedMain] .s.s.UserDetailsServiceAutoConfiguration : 

Using generated security password: c9a5f460-c96c-42e4-aa20-4fa80cec7e6d

This generated password is for development use only. Your security configuration must be updated before running your application in production.

2025-12-13T20:08:45.325-05:00  INFO 2508 --- [PixelXTY] [restartedMain] r$InitializeUserDetailsManagerConfigurer : Global AuthenticationManager configured with UserDetailsService bean with name inMemoryUserDetailsManager
2025-12-13T20:08:45.380-05:00  INFO 2508 --- [PixelXTY] [restartedMain] o.s.b.d.a.OptionalLiveReloadServer       : LiveReload server is running on port 35729
2025-12-13T20:08:45.392-05:00  INFO 2508 --- [PixelXTY] [restartedMain] o.s.b.w.embedded.tomcat.TomcatWebServer  : Tomcat started on port 8081 (http) with context path '/'
2025-12-13T20:08:45.395-05:00  INFO 2508 --- [PixelXTY] [restartedMain] com.PixelXTY.PixelXtyApplication         : Started PixelXtyApplication in 1.07 seconds (process running for 4226.397)
2025-12-13T20:08:45.396-05:00  INFO 2508 --- [PixelXTY] [restartedMain] .ConditionEvaluationDeltaLoggingListener : Condition evaluation unchanged
2025-12-13T20:08:55.430-05:00  INFO 2508 --- [PixelXTY] [http-nio-8081-exec-1] o.a.c.c.C.[Tomcat-1].[localhost].[/]     : Initializing Spring DispatcherServlet 'dispatcherServlet'
2025-12-13T20:41:21.120-05:00  INFO 2508 --- [PixelXTY] [File Watcher] rtingClassPathChangeChangedEventListener : Restarting due to 1 class path change (0 additions, 0 deletions, 1 modification)
2025-12-13T20:41:21.124-05:00  INFO 2508 --- [PixelXTY] [Thread-35] o.s.b.w.e.tomcat.GracefulShutdown        : Commencing graceful shutdown. Waiting for active requests to complete
2025-12-13T20:41:21.268-05:00  INFO 2508 --- [PixelXTY] [tomcat-shutdown] o.s.b.w.e.tomcat.GracefulShutdown        : Graceful shutdown complete
2025-12-13T20:41:21.270-05:00  INFO 2508 --- [PixelXTY] [Thread-35] j.LocalContainerEntityManagerFactoryBean : Closing JPA EntityManagerFactory for persistence unit 'default'
2025-12-13T20:41:21.271-05:00  INFO 2508 --- [PixelXTY] [Thread-35] com.zaxxer.hikari.HikariDataSource       : HikariPool-9 - Shutdown initiated...
2025-12-13T20:41:21.272-05:00  INFO 2508 --- [PixelXTY] [Thread-35] com.zaxxer.hikari.HikariDataSource       : HikariPool-9 - Shutdown completed.
2025-12-13T20:41:21.336-05:00  INFO 2508 --- [PixelXTY] [restartedMain] com.PixelXTY.PixelXtyApplication         : Starting PixelXtyApplication using Java 17.0.12 with PID 2508 (C:\Users\USUARIO\Desktop\ATI\PixelXTY\target\classes started by USUARIO in C:\Users\USUARIO\Desktop\ATI\PixelXTY)
2025-12-13T20:41:21.336-05:00  INFO 2508 --- [PixelXTY] [restartedMain] com.PixelXTY.PixelXtyApplication         : No active profile set, falling back to 1 default profile: "default"
2025-12-13T20:41:21.429-05:00  INFO 2508 --- [PixelXTY] [restartedMain] .s.d.r.c.RepositoryConfigurationDelegate : Bootstrapping Spring Data JPA repositories in DEFAULT mode.
2025-12-13T20:41:21.450-05:00  INFO 2508 --- [PixelXTY] [restartedMain] .s.d.r.c.RepositoryConfigurationDelegate : Finished Spring Data repository scanning in 19 ms. Found 3 JPA repository interfaces.
2025-12-13T20:41:21.499-05:00  INFO 2508 --- [PixelXTY] [restartedMain] o.s.b.w.embedded.tomcat.TomcatWebServer  : Tomcat initialized with port 8081 (http)
2025-12-13T20:41:21.500-05:00  INFO 2508 --- [PixelXTY] [restartedMain] o.apache.catalina.core.StandardService   : Starting service [Tomcat]
2025-12-13T20:41:21.500-05:00  INFO 2508 --- [PixelXTY] [restartedMain] o.apache.catalina.core.StandardEngine    : Starting Servlet engine: [Apache Tomcat/10.1.49]
2025-12-13T20:41:21.511-05:00  INFO 2508 --- [PixelXTY] [restartedMain] o.a.c.c.C.[Tomcat-1].[localhost].[/]     : Initializing Spring embedded WebApplicationContext
2025-12-13T20:41:21.511-05:00  INFO 2508 --- [PixelXTY] [restartedMain] w.s.c.ServletWebServerApplicationContext : Root WebApplicationContext: initialization completed in 174 ms
2025-12-13T20:41:21.535-05:00  INFO 2508 --- [PixelXTY] [restartedMain] o.s.o.j.p.SpringPersistenceUnitInfo      : No LoadTimeWeaver setup: ignoring JPA class transformer
2025-12-13T20:41:21.536-05:00  INFO 2508 --- [PixelXTY] [restartedMain] com.zaxxer.hikari.HikariDataSource       : HikariPool-10 - Starting...
2025-12-13T20:41:21.539-05:00  INFO 2508 --- [PixelXTY] [restartedMain] com.zaxxer.hikari.pool.HikariPool        : HikariPool-10 - Added connection com.mysql.cj.jdbc.ConnectionImpl@58f1ebc6
2025-12-13T20:41:21.539-05:00  INFO 2508 --- [PixelXTY] [restartedMain] com.zaxxer.hikari.HikariDataSource       : HikariPool-10 - Start completed.
2025-12-13T20:41:21.640-05:00  INFO 2508 --- [PixelXTY] [restartedMain] j.LocalContainerEntityManagerFactoryBean : Initialized JPA EntityManagerFactory for persistence unit 'default'
2025-12-13T20:41:21.809-05:00  WARN 2508 --- [PixelXTY] [restartedMain] .s.s.UserDetailsServiceAutoConfiguration : 

Using generated security password: 1d8a523b-c567-4494-912d-4d8767dc9b9d

This generated password is for development use only. Your security configuration must be updated before running your application in production.

2025-12-13T20:41:21.810-05:00  INFO 2508 --- [PixelXTY] [restartedMain] r$InitializeUserDetailsManagerConfigurer : Global AuthenticationManager configured with UserDetailsService bean with name inMemoryUserDetailsManager
2025-12-13T20:41:21.849-05:00  INFO 2508 --- [PixelXTY] [restartedMain] o.s.b.d.a.OptionalLiveReloadServer       : LiveReload server is running on port 35729
2025-12-13T20:41:21.858-05:00  INFO 2508 --- [PixelXTY] [restartedMain] o.s.b.w.embedded.tomcat.TomcatWebServer  : Tomcat started on port 8081 (http) with context path '/'
2025-12-13T20:41:21.861-05:00  INFO 2508 --- [PixelXTY] [restartedMain] com.PixelXTY.PixelXtyApplication         : Started PixelXtyApplication in 0.536 seconds (process running for 6182.861)
2025-12-13T20:41:21.862-05:00  INFO 2508 --- [PixelXTY] [restartedMain] .ConditionEvaluationDeltaLoggingListener : Condition evaluation unchanged
2025-12-13T20:42:56.446-05:00  INFO 2508 --- [PixelXTY] [http-nio-8081-exec-1] o.a.c.c.C.[Tomcat-1].[localhost].[/]     : Initializing Spring DispatcherServlet 'dispatcherServlet'
2025-12-13T20:52:03.934-05:00  INFO 2508 --- [PixelXTY] [File Watcher] rtingClassPathChangeChangedEventListener : Restarting due to 1 class path change (0 additions, 0 deletions, 1 modification)
2025-12-13T20:52:03.936-05:00  INFO 2508 --- [PixelXTY] [Thread-41] o.s.b.w.e.tomcat.GracefulShutdown        : Commencing graceful shutdown. Waiting for active requests to complete
2025-12-13T20:52:04.085-05:00  INFO 2508 --- [PixelXTY] [tomcat-shutdown] o.s.b.w.e.tomcat.GracefulShutdown        : Graceful shutdown complete
2025-12-13T20:52:04.086-05:00  INFO 2508 --- [PixelXTY] [Thread-41] j.LocalContainerEntityManagerFactoryBean : Closing JPA EntityManagerFactory for persistence unit 'default'
2025-12-13T20:52:04.087-05:00  INFO 2508 --- [PixelXTY] [Thread-41] com.zaxxer.hikari.HikariDataSource       : HikariPool-10 - Shutdown initiated...
2025-12-13T20:52:04.088-05:00  INFO 2508 --- [PixelXTY] [Thread-41] com.zaxxer.hikari.HikariDataSource       : HikariPool-10 - Shutdown completed.
2025-12-13T20:52:04.159-05:00  INFO 2508 --- [PixelXTY] [restartedMain] com.PixelXTY.PixelXtyApplication         : Starting PixelXtyApplication using Java 17.0.12 with PID 2508 (C:\Users\USUARIO\Desktop\ATI\PixelXTY\target\classes started by USUARIO in C:\Users\USUARIO\Desktop\ATI\PixelXTY)
2025-12-13T20:52:04.160-05:00  INFO 2508 --- [PixelXTY] [restartedMain] com.PixelXTY.PixelXtyApplication         : No active profile set, falling back to 1 default profile: "default"
2025-12-13T20:52:04.262-05:00  INFO 2508 --- [PixelXTY] [restartedMain] .s.d.r.c.RepositoryConfigurationDelegate : Bootstrapping Spring Data JPA repositories in DEFAULT mode.
2025-12-13T20:52:04.276-05:00  INFO 2508 --- [PixelXTY] [restartedMain] .s.d.r.c.RepositoryConfigurationDelegate : Finished Spring Data repository scanning in 12 ms. Found 3 JPA repository interfaces.
2025-12-13T20:52:04.320-05:00  INFO 2508 --- [PixelXTY] [restartedMain] o.s.b.w.embedded.tomcat.TomcatWebServer  : Tomcat initialized with port 8081 (http)
2025-12-13T20:52:04.320-05:00  INFO 2508 --- [PixelXTY] [restartedMain] o.apache.catalina.core.StandardService   : Starting service [Tomcat]
2025-12-13T20:52:04.321-05:00  INFO 2508 --- [PixelXTY] [restartedMain] o.apache.catalina.core.StandardEngine    : Starting Servlet engine: [Apache Tomcat/10.1.49]
2025-12-13T20:52:04.330-05:00  INFO 2508 --- [PixelXTY] [restartedMain] o.a.c.c.C.[Tomcat-1].[localhost].[/]     : Initializing Spring embedded WebApplicationContext
2025-12-13T20:52:04.330-05:00  INFO 2508 --- [PixelXTY] [restartedMain] w.s.c.ServletWebServerApplicationContext : Root WebApplicationContext: initialization completed in 170 ms
2025-12-13T20:52:04.352-05:00  INFO 2508 --- [PixelXTY] [restartedMain] o.s.o.j.p.SpringPersistenceUnitInfo      : No LoadTimeWeaver setup: ignoring JPA class transformer
2025-12-13T20:52:04.353-05:00  INFO 2508 --- [PixelXTY] [restartedMain] com.zaxxer.hikari.HikariDataSource       : HikariPool-11 - Starting...
2025-12-13T20:52:04.356-05:00  INFO 2508 --- [PixelXTY] [restartedMain] com.zaxxer.hikari.pool.HikariPool        : HikariPool-11 - Added connection com.mysql.cj.jdbc.ConnectionImpl@52fe02c3
2025-12-13T20:52:04.357-05:00  INFO 2508 --- [PixelXTY] [restartedMain] com.zaxxer.hikari.HikariDataSource       : HikariPool-11 - Start completed.
2025-12-13T20:52:04.451-05:00  INFO 2508 --- [PixelXTY] [restartedMain] j.LocalContainerEntityManagerFactoryBean : Initialized JPA EntityManagerFactory for persistence unit 'default'
2025-12-13T20:52:04.613-05:00  WARN 2508 --- [PixelXTY] [restartedMain] .s.s.UserDetailsServiceAutoConfiguration : 

Using generated security password: 1ac48dd1-4471-4195-a757-3c68f14dd529

This generated password is for development use only. Your security configuration must be updated before running your application in production.

2025-12-13T20:52:04.613-05:00  INFO 2508 --- [PixelXTY] [restartedMain] r$InitializeUserDetailsManagerConfigurer : Global AuthenticationManager configured with UserDetailsService bean with name inMemoryUserDetailsManager
2025-12-13T20:52:04.646-05:00  INFO 2508 --- [PixelXTY] [restartedMain] o.s.b.d.a.OptionalLiveReloadServer       : LiveReload server is running on port 35729
2025-12-13T20:52:04.652-05:00  INFO 2508 --- [PixelXTY] [restartedMain] o.s.b.w.embedded.tomcat.TomcatWebServer  : Tomcat started on port 8081 (http) with context path '/'
2025-12-13T20:52:04.654-05:00  INFO 2508 --- [PixelXTY] [restartedMain] com.PixelXTY.PixelXtyApplication         : Started PixelXtyApplication in 0.508 seconds (process running for 6825.655)
2025-12-13T20:52:04.655-05:00  INFO 2508 --- [PixelXTY] [restartedMain] .ConditionEvaluationDeltaLoggingListener : Condition evaluation unchanged
2025-12-13T20:52:56.439-05:00  INFO 2508 --- [PixelXTY] [http-nio-8081-exec-1] o.a.c.c.C.[Tomcat-1].[localhost].[/]     : Initializing Spring DispatcherServlet 'dispatcherServlet'
2025-12-13T20:59:25.421-05:00  INFO 2508 --- [PixelXTY] [http-nio-8081-exec-1] o.apache.tomcat.util.http.parser.Cookie  : A cookie header was received [g_state={"i_l":0,"i_ll":1765652479741,"i_b":"dbMV9uZYHaAxEm7DY9DH4Eq08vruTHseLV15U2mtXFk"}] that contained an invalid cookie. That cookie will be ignored.
 Note: further occurrences of this error will be logged at DEBUG level.
2025-12-13T21:04:26.396-05:00 ERROR 2508 --- [PixelXTY] [http-nio-8081-exec-1] c.P.security.JwtAuthenticationFilter     : Error al extraer email del token

io.jsonwebtoken.security.SignatureException: JWT signature does not match locally computed signature. JWT validity cannot be asserted and should not be trusted.
	at io.jsonwebtoken.impl.DefaultJwtParser.parse(DefaultJwtParser.java:399) ~[jjwt-impl-0.11.5.jar:0.11.5]
	at io.jsonwebtoken.impl.DefaultJwtParser.parse(DefaultJwtParser.java:529) ~[jjwt-impl-0.11.5.jar:0.11.5]
	at io.jsonwebtoken.impl.DefaultJwtParser.parseClaimsJws(DefaultJwtParser.java:589) ~[jjwt-impl-0.11.5.jar:0.11.5]
	at io.jsonwebtoken.impl.ImmutableJwtParser.parseClaimsJws(ImmutableJwtParser.java:173) ~[jjwt-impl-0.11.5.jar:0.11.5]
	at com.PixelXTY.security.JwtUtil.extraerTodosLosClaims(JwtUtil.java:52) ~[classes/:na]
	at com.PixelXTY.security.JwtUtil.extraerClaim(JwtUtil.java:44) ~[classes/:na]
	at com.PixelXTY.security.JwtUtil.extraerEmail(JwtUtil.java:36) ~[classes/:na]
	at com.PixelXTY.security.JwtAuthenticationFilter.doFilterInternal(JwtAuthenticationFilter.java:36) ~[classes/:na]
	at org.springframework.web.filter.OncePerRequestFilter.doFilter(OncePerRequestFilter.java:116) ~[spring-web-6.2.14.jar:6.2.14]
	at org.springframework.security.web.FilterChainProxy$VirtualFilterChain.doFilter(FilterChainProxy.java:374) ~[spring-security-web-6.5.7.jar:6.5.7]
	at org.springframework.security.web.authentication.logout.LogoutFilter.doFilter(LogoutFilter.java:107) ~[spring-security-web-6.5.7.jar:6.5.7]
	at org.springframework.security.web.authentication.logout.LogoutFilter.doFilter(LogoutFilter.java:93) ~[spring-security-web-6.5.7.jar:6.5.7]
	at org.springframework.security.web.FilterChainProxy$VirtualFilterChain.doFilter(FilterChainProxy.java:374) ~[spring-security-web-6.5.7.jar:6.5.7]
	at org.springframework.web.filter.CorsFilter.doFilterInternal(CorsFilter.java:91) ~[spring-web-6.2.14.jar:6.2.14]
	at org.springframework.web.filter.OncePerRequestFilter.doFilter(OncePerRequestFilter.java:116) ~[spring-web-6.2.14.jar:6.2.14]
	at org.springframework.security.web.FilterChainProxy$VirtualFilterChain.doFilter(FilterChainProxy.java:374) ~[spring-security-web-6.5.7.jar:6.5.7]
	at org.springframework.security.web.header.HeaderWriterFilter.doHeadersAfter(HeaderWriterFilter.java:90) ~[spring-security-web-6.5.7.jar:6.5.7]
	at org.springframework.security.web.header.HeaderWriterFilter.doFilterInternal(HeaderWriterFilter.java:75) ~[spring-security-web-6.5.7.jar:6.5.7]
	at org.springframework.web.filter.OncePerRequestFilter.doFilter(OncePerRequestFilter.java:116) ~[spring-web-6.2.14.jar:6.2.14]
	at org.springframework.security.web.FilterChainProxy$VirtualFilterChain.doFilter(FilterChainProxy.java:374) ~[spring-security-web-6.5.7.jar:6.5.7]
	at org.springframework.security.web.context.SecurityContextHolderFilter.doFilter(SecurityContextHolderFilter.java:82) ~[spring-security-web-6.5.7.jar:6.5.7]
	at org.springframework.security.web.context.SecurityContextHolderFilter.doFilter(SecurityContextHolderFilter.java:69) ~[spring-security-web-6.5.7.jar:6.5.7]
	at org.springframework.security.web.FilterChainProxy$VirtualFilterChain.doFilter(FilterChainProxy.java:374) ~[spring-security-web-6.5.7.jar:6.5.7]
	at org.springframework.security.web.context.request.async.WebAsyncManagerIntegrationFilter.doFilterInternal(WebAsyncManagerIntegrationFilter.java:62) ~[spring-security-web-6.5.7.jar:6.5.7]
	at org.springframework.web.filter.OncePerRequestFilter.doFilter(OncePerRequestFilter.java:116) ~[spring-web-6.2.14.jar:6.2.14]
	at org.springframework.security.web.FilterChainProxy$VirtualFilterChain.doFilter(FilterChainProxy.java:374) ~[spring-security-web-6.5.7.jar:6.5.7]
	at org.springframework.security.web.session.DisableEncodeUrlFilter.doFilterInternal(DisableEncodeUrlFilter.java:42) ~[spring-security-web-6.5.7.jar:6.5.7]
	at org.springframework.web.filter.OncePerRequestFilter.doFilter(OncePerRequestFilter.java:116) ~[spring-web-6.2.14.jar:6.2.14]
	at org.springframework.security.web.FilterChainProxy$VirtualFilterChain.doFilter(FilterChainProxy.java:374) ~[spring-security-web-6.5.7.jar:6.5.7]
	at org.springframework.security.web.FilterChainProxy.doFilterInternal(FilterChainProxy.java:233) ~[spring-security-web-6.5.7.jar:6.5.7]
	at org.springframework.security.web.FilterChainProxy.doFilter(FilterChainProxy.java:191) ~[spring-security-web-6.5.7.jar:6.5.7]
	at org.springframework.web.filter.CompositeFilter$VirtualFilterChain.doFilter(CompositeFilter.java:113) ~[spring-web-6.2.14.jar:6.2.14]
	at org.springframework.web.filter.ServletRequestPathFilter.doFilter(ServletRequestPathFilter.java:52) ~[spring-web-6.2.14.jar:6.2.14]
	at org.springframework.web.filter.CompositeFilter$VirtualFilterChain.doFilter(CompositeFilter.java:113) ~[spring-web-6.2.14.jar:6.2.14]
	at org.springframework.web.filter.CompositeFilter.doFilter(CompositeFilter.java:74) ~[spring-web-6.2.14.jar:6.2.14]
	at org.springframework.security.config.annotation.web.configuration.WebSecurityConfiguration$CompositeFilterChainProxy.doFilter(WebSecurityConfiguration.java:319) ~[spring-security-config-6.5.7.jar:6.5.7]
	at org.springframework.web.filter.CompositeFilter$VirtualFilterChain.doFilter(CompositeFilter.java:113) ~[spring-web-6.2.14.jar:6.2.14]
	at org.springframework.web.servlet.handler.HandlerMappingIntrospector.lambda$createCacheFilter$4(HandlerMappingIntrospector.java:267) ~[spring-webmvc-6.2.14.jar:6.2.14]
	at org.springframework.web.filter.CompositeFilter$VirtualFilterChain.doFilter(CompositeFilter.java:113) ~[spring-web-6.2.14.jar:6.2.14]
	at org.springframework.web.filter.CompositeFilter.doFilter(CompositeFilter.java:74) ~[spring-web-6.2.14.jar:6.2.14]
	at org.springframework.security.config.annotation.web.configuration.WebMvcSecurityConfiguration$CompositeFilterChainProxy.doFilter(WebMvcSecurityConfiguration.java:240) ~[spring-security-config-6.5.7.jar:6.5.7]
	at org.springframework.web.filter.DelegatingFilterProxy.invokeDelegate(DelegatingFilterProxy.java:362) ~[spring-web-6.2.14.jar:6.2.14]
	at org.springframework.web.filter.DelegatingFilterProxy.doFilter(DelegatingFilterProxy.java:278) ~[spring-web-6.2.14.jar:6.2.14]
	at org.apache.catalina.core.ApplicationFilterChain.internalDoFilter(ApplicationFilterChain.java:162) ~[tomcat-embed-core-10.1.49.jar:10.1.49]
	at org.apache.catalina.core.ApplicationFilterChain.doFilter(ApplicationFilterChain.java:138) ~[tomcat-embed-core-10.1.49.jar:10.1.49]
	at org.springframework.web.filter.RequestContextFilter.doFilterInternal(RequestContextFilter.java:100) ~[spring-web-6.2.14.jar:6.2.14]
	at org.springframework.web.filter.OncePerRequestFilter.doFilter(OncePerRequestFilter.java:116) ~[spring-web-6.2.14.jar:6.2.14]
	at org.apache.catalina.core.ApplicationFilterChain.internalDoFilter(ApplicationFilterChain.java:162) ~[tomcat-embed-core-10.1.49.jar:10.1.49]
	at org.apache.catalina.core.ApplicationFilterChain.doFilter(ApplicationFilterChain.java:138) ~[tomcat-embed-core-10.1.49.jar:10.1.49]
	at org.springframework.web.filter.FormContentFilter.doFilterInternal(FormContentFilter.java:93) ~[spring-web-6.2.14.jar:6.2.14]
	at org.springframework.web.filter.OncePerRequestFilter.doFilter(OncePerRequestFilter.java:116) ~[spring-web-6.2.14.jar:6.2.14]
	at org.apache.catalina.core.ApplicationFilterChain.internalDoFilter(ApplicationFilterChain.java:162) ~[tomcat-embed-core-10.1.49.jar:10.1.49]
	at org.apache.catalina.core.ApplicationFilterChain.doFilter(ApplicationFilterChain.java:138) ~[tomcat-embed-core-10.1.49.jar:10.1.49]
	at org.springframework.web.filter.CharacterEncodingFilter.doFilterInternal(CharacterEncodingFilter.java:201) ~[spring-web-6.2.14.jar:6.2.14]
	at org.springframework.web.filter.OncePerRequestFilter.doFilter(OncePerRequestFilter.java:116) ~[spring-web-6.2.14.jar:6.2.14]
	at org.apache.catalina.core.ApplicationFilterChain.internalDoFilter(ApplicationFilterChain.java:162) ~[tomcat-embed-core-10.1.49.jar:10.1.49]
	at org.apache.catalina.core.ApplicationFilterChain.doFilter(ApplicationFilterChain.java:138) ~[tomcat-embed-core-10.1.49.jar:10.1.49]
	at org.apache.catalina.core.StandardWrapperValve.invoke(StandardWrapperValve.java:165) ~[tomcat-embed-core-10.1.49.jar:10.1.49]
	at org.apache.catalina.core.StandardContextValve.invoke(StandardContextValve.java:88) ~[tomcat-embed-core-10.1.49.jar:10.1.49]
	at org.apache.catalina.authenticator.AuthenticatorBase.invoke(AuthenticatorBase.java:482) ~[tomcat-embed-core-10.1.49.jar:10.1.49]
	at org.apache.catalina.core.StandardHostValve.invoke(StandardHostValve.java:113) ~[tomcat-embed-core-10.1.49.jar:10.1.49]
	at org.apache.catalina.valves.ErrorReportValve.invoke(ErrorReportValve.java:83) ~[tomcat-embed-core-10.1.49.jar:10.1.49]
	at org.apache.catalina.core.StandardEngineValve.invoke(StandardEngineValve.java:72) ~[tomcat-embed-core-10.1.49.jar:10.1.49]
	at org.apache.catalina.connector.CoyoteAdapter.service(CoyoteAdapter.java:342) ~[tomcat-embed-core-10.1.49.jar:10.1.49]
	at org.apache.coyote.http11.Http11Processor.service(Http11Processor.java:399) ~[tomcat-embed-core-10.1.49.jar:10.1.49]
	at org.apache.coyote.AbstractProcessorLight.process(AbstractProcessorLight.java:63) ~[tomcat-embed-core-10.1.49.jar:10.1.49]
	at org.apache.coyote.AbstractProtocol$ConnectionHandler.process(AbstractProtocol.java:903) ~[tomcat-embed-core-10.1.49.jar:10.1.49]
	at org.apache.tomcat.util.net.NioEndpoint$SocketProcessor.doRun(NioEndpoint.java:1774) ~[tomcat-embed-core-10.1.49.jar:10.1.49]
	at org.apache.tomcat.util.net.SocketProcessorBase.run(SocketProcessorBase.java:52) ~[tomcat-embed-core-10.1.49.jar:10.1.49]
	at org.apache.tomcat.util.threads.ThreadPoolExecutor.runWorker(ThreadPoolExecutor.java:973) ~[tomcat-embed-core-10.1.49.jar:10.1.49]
	at org.apache.tomcat.util.threads.ThreadPoolExecutor$Worker.run(ThreadPoolExecutor.java:491) ~[tomcat-embed-core-10.1.49.jar:10.1.49]
	at org.apache.tomcat.util.threads.TaskThread$WrappingRunnable.run(TaskThread.java:63) ~[tomcat-embed-core-10.1.49.jar:10.1.49]
	at java.base/java.lang.Thread.run(Thread.java:842) ~[na:na]

2025-12-13T21:07:24.908-05:00  INFO 2508 --- [PixelXTY] [SpringApplicationShutdownHook] o.s.b.w.e.tomcat.GracefulShutdown        : Commencing graceful shutdown. Waiting for active requests to complete
2025-12-13T21:07:25.046-05:00  INFO 2508 --- [PixelXTY] [tomcat-shutdown] o.s.b.w.e.tomcat.GracefulShutdown        : Graceful shutdown complete
2025-12-13T21:07:25.047-05:00  INFO 2508 --- [PixelXTY] [SpringApplicationShutdownHook] j.LocalContainerEntityManagerFactoryBean : Closing JPA EntityManagerFactory for persistence unit 'default'
2025-12-13T21:07:25.048-05:00  INFO 2508 --- [PixelXTY] [SpringApplicationShutdownHook] com.zaxxer.hikari.HikariDataSource       : HikariPool-11 - Shutdown initiated...
2025-12-13T21:07:25.049-05:00  INFO 2508 --- [PixelXTY] [SpringApplicationShutdownHook] com.zaxxer.hikari.HikariDataSource       : HikariPool-11 - Shutdown completed.
